[2026-02-27 12:21:40] kg-sync: start
[2026-02-27 12:21:40] Branch: thehipsterciso/data
[2026-02-27 12:21:40] Splitting /Users/thomasjones/hc-cdaio-kg/graph.json into per-type files
Split: 2908 entities (26 types), 6023 relationships (38 types)
[2026-02-27 12:21:41] No changes since last sync — nothing to commit
[2026-02-27 12:51:41] kg-sync: start
[2026-02-27 12:51:41] Branch: thehipsterciso/data
[2026-02-27 12:51:41] Splitting /Users/thomasjones/hc-cdaio-kg/graph.json into per-type files
Split: 2908 entities (26 types), 6023 relationships (38 types)
[2026-02-27 12:51:41] No changes since last sync — nothing to commit
[2026-02-27 13:21:41] kg-sync: start
[2026-02-27 13:21:41] Branch: thehipsterciso/data
[2026-02-27 13:21:41] Splitting /Users/thomasjones/hc-cdaio-kg/graph.json into per-type files
Split: 2908 entities (26 types), 6023 relationships (38 types)
[2026-02-27 13:21:41] No changes since last sync — nothing to commit
[2026-02-27 13:51:41] kg-sync: start
[2026-02-27 13:51:41] Branch: thehipsterciso/data
[2026-02-27 13:51:41] Splitting /Users/thomasjones/hc-cdaio-kg/graph.json into per-type files
Split: 2909 entities (26 types), 6023 relationships (38 types)
🔍 Running pre-commit validation...
🔍 Running graph validation...
  → Validating schema...
  → Validating required fields...
  → Checking relationship integrity...
  → Validating provenance...
  → Detecting duplicates...

⚠️  Warnings:
  ⚠️  Provenance incomplete for 3780 entities
     Goal: Reach 100% provenance coverage over time
  Found 452 potential duplicates (≥85.0% similar):
    - ctr-003 'DIR-CPO-5186 — Texas DIR Cloud Services' ↔ ctr-005 'DIR-CPO-5155 — Texas DIR AI Services' (85%)
    - ctr-009 'FLFO Term Loan Facility' ↔ ctr-010 'FLSO Term Loan Facility' (96%)
    - ctl-152 'Configuration Management Policy (CM-1)' ↔ ctl-160 'Configuration Management Plan (CM-9)' (89%)
    - ctl-171 'MFA to Privileged Accounts (IA-2(1))' ↔ ctl-172 'MFA to Non-Privileged Accounts (IA-2(2))' (92%)
    - ctl-182 'Incident Response Training (IR-2)' ↔ ctl-183 'Incident Response Testing (IR-3)' (86%)
    ... and 447 more

✅ Validation passed - proceeding with commit
[2026-02-27 13:51:42] Committed: sync: auto-commit 1 file(s) at 2026-02-27 13:51:42
[2026-02-27 13:51:42] Pushed to origin/thehipsterciso/data
[2026-02-27 13:51:42] kg-sync: done (1 files)
[2026-02-27 14:21:43] kg-sync: start
[2026-02-27 14:21:43] ERROR: expected branch 'thehipsterciso/data' but HEAD is 'main' — aborting to avoid committing to wrong branch
[2026-02-27 14:51:43] kg-sync: start
[2026-02-27 14:51:43] ERROR: expected branch 'thehipsterciso/data' but HEAD is 'main' — aborting to avoid committing to wrong branch
[2026-02-27 15:21:43] kg-sync: start
[2026-02-27 15:21:43] ERROR: expected branch 'thehipsterciso/data' but HEAD is 'main' — aborting to avoid committing to wrong branch
[2026-02-27 15:51:43] kg-sync: start
[2026-02-27 15:51:43] ERROR: expected branch 'thehipsterciso/data' but HEAD is 'main' — aborting to avoid committing to wrong branch
[2026-02-27 16:45:03] kg-sync: start
[2026-02-27 16:45:03] ERROR: expected branch 'thehipsterciso/data' but HEAD is 'main' — aborting to avoid committing to wrong branch
[2026-02-27 17:15:03] kg-sync: start
[2026-02-27 17:15:03] ERROR: expected branch 'thehipsterciso/data' but HEAD is 'main' — aborting to avoid committing to wrong branch
[2026-02-27 17:48:18] kg-sync: start
[2026-02-27 17:48:18] ERROR: expected branch 'thehipsterciso/data' but HEAD is 'main' — aborting to avoid committing to wrong branch
[2026-02-27 18:18:18] kg-sync: start
[2026-02-27 18:18:18] ERROR: expected branch 'thehipsterciso/data' but HEAD is 'main' — aborting to avoid committing to wrong branch
[2026-02-27 19:07:27] kg-sync: start
[2026-02-27 19:07:27] ERROR: expected branch 'thehipsterciso/data' but HEAD is 'main' — aborting to avoid committing to wrong branch
[2026-02-27 19:37:27] kg-sync: start
[2026-02-27 19:37:27] ERROR: expected branch 'thehipsterciso/data' but HEAD is 'main' — aborting to avoid committing to wrong branch
[2026-02-27 20:09:42] kg-sync: start
[2026-02-27 20:09:42] ERROR: expected branch 'thehipsterciso/data' but HEAD is 'main' — aborting to avoid committing to wrong branch
[2026-02-27 21:05:54] kg-sync: start
[2026-02-27 21:05:54] ERROR: expected branch 'thehipsterciso/data' but HEAD is 'main' — aborting to avoid committing to wrong branch
[2026-02-27 22:01:36] kg-sync: start
[2026-02-27 22:01:36] ERROR: expected branch 'thehipsterciso/data' but HEAD is 'main' — aborting to avoid committing to wrong branch
[2026-02-27 22:31:36] kg-sync: start
[2026-02-27 22:31:36] ERROR: expected branch 'thehipsterciso/data' but HEAD is 'main' — aborting to avoid committing to wrong branch
[2026-02-27 23:01:36] kg-sync: start
[2026-02-27 23:01:36] ERROR: expected branch 'thehipsterciso/data' but HEAD is 'main' — aborting to avoid committing to wrong branch
[2026-02-27 23:31:36] kg-sync: start
[2026-02-27 23:31:36] ERROR: expected branch 'thehipsterciso/data' but HEAD is 'main' — aborting to avoid committing to wrong branch
[2026-02-28 00:01:36] kg-sync: start
[2026-02-28 00:01:36] ERROR: expected branch 'thehipsterciso/data' but HEAD is 'main' — aborting to avoid committing to wrong branch
[2026-02-28 00:31:37] kg-sync: start
[2026-02-28 00:31:37] ERROR: expected branch 'thehipsterciso/data' but HEAD is 'main' — aborting to avoid committing to wrong branch
[2026-02-28 01:01:37] kg-sync: start
[2026-02-28 01:01:37] ERROR: expected branch 'thehipsterciso/data' but HEAD is 'main' — aborting to avoid committing to wrong branch
[2026-02-28 01:31:37] kg-sync: start
[2026-02-28 01:31:37] ERROR: expected branch 'thehipsterciso/data' but HEAD is 'main' — aborting to avoid committing to wrong branch
[2026-02-28 02:01:37] kg-sync: start
[2026-02-28 02:01:37] ERROR: expected branch 'thehipsterciso/data' but HEAD is 'main' — aborting to avoid committing to wrong branch
[2026-02-28 02:31:37] kg-sync: start
[2026-02-28 02:31:37] ERROR: expected branch 'thehipsterciso/data' but HEAD is 'main' — aborting to avoid committing to wrong branch
[2026-02-28 03:01:37] kg-sync: start
[2026-02-28 03:01:37] ERROR: expected branch 'thehipsterciso/data' but HEAD is 'main' — aborting to avoid committing to wrong branch
[2026-02-28 03:31:37] kg-sync: start
[2026-02-28 03:31:37] ERROR: expected branch 'thehipsterciso/data' but HEAD is 'main' — aborting to avoid committing to wrong branch
[2026-02-28 04:01:37] kg-sync: start
[2026-02-28 04:01:37] ERROR: expected branch 'thehipsterciso/data' but HEAD is 'main' — aborting to avoid committing to wrong branch
[2026-02-28 04:31:37] kg-sync: start
[2026-02-28 04:31:37] ERROR: expected branch 'thehipsterciso/data' but HEAD is 'main' — aborting to avoid committing to wrong branch
[2026-02-28 05:01:37] kg-sync: start
[2026-02-28 05:01:37] ERROR: expected branch 'thehipsterciso/data' but HEAD is 'main' — aborting to avoid committing to wrong branch
[2026-02-28 05:31:37] kg-sync: start
[2026-02-28 05:31:37] ERROR: expected branch 'thehipsterciso/data' but HEAD is 'main' — aborting to avoid committing to wrong branch
[2026-02-28 06:01:38] kg-sync: start
[2026-02-28 06:01:38] ERROR: expected branch 'thehipsterciso/data' but HEAD is 'main' — aborting to avoid committing to wrong branch
[2026-02-28 06:31:38] kg-sync: start
[2026-02-28 06:31:38] ERROR: expected branch 'thehipsterciso/data' but HEAD is 'main' — aborting to avoid committing to wrong branch
[2026-02-28 07:16:38] kg-sync: start
[2026-02-28 07:16:38] ERROR: expected branch 'thehipsterciso/data' but HEAD is 'main' — aborting to avoid committing to wrong branch
[2026-02-28 07:46:38] kg-sync: start
[2026-02-28 07:46:38] ERROR: expected branch 'thehipsterciso/data' but HEAD is 'main' — aborting to avoid committing to wrong branch
[2026-02-28 08:16:38] kg-sync: start
[2026-02-28 08:16:38] ERROR: expected branch 'thehipsterciso/data' but HEAD is 'main' — aborting to avoid committing to wrong branch
[2026-02-28 08:46:38] kg-sync: start
[2026-02-28 08:46:38] ERROR: expected branch 'thehipsterciso/data' but HEAD is 'main' — aborting to avoid committing to wrong branch
[2026-02-28 09:16:38] kg-sync: start
[2026-02-28 09:16:38] ERROR: expected branch 'thehipsterciso/data' but HEAD is 'main' — aborting to avoid committing to wrong branch
[2026-02-28 09:47:25] kg-sync: start
[2026-02-28 09:47:25] ERROR: expected branch 'thehipsterciso/data' but HEAD is 'main' — aborting to avoid committing to wrong branch
[2026-02-28 10:21:30] kg-sync: start
[2026-02-28 10:21:30] ERROR: expected branch 'thehipsterciso/data' but HEAD is 'main' — aborting to avoid committing to wrong branch
[2026-02-28 10:51:58] kg-sync: start
[2026-02-28 10:51:58] ERROR: expected branch 'thehipsterciso/data' but HEAD is 'main' — aborting to avoid committing to wrong branch
[2026-02-28 11:27:50] kg-sync: start
[2026-02-28 11:27:50] ERROR: expected branch 'thehipsterciso/data' but HEAD is 'main' — aborting to avoid committing to wrong branch
[2026-02-28 11:57:50] kg-sync: start
[2026-02-28 11:57:50] ERROR: expected branch 'thehipsterciso/data' but HEAD is 'main' — aborting to avoid committing to wrong branch
[2026-02-28 12:30:11] kg-sync: start
[2026-02-28 12:30:12] ERROR: expected branch 'thehipsterciso/data' but HEAD is 'main' — aborting to avoid committing to wrong branch
[2026-02-28 13:26:15] kg-sync: start
[2026-02-28 13:26:15] ERROR: expected branch 'thehipsterciso/data' but HEAD is 'main' — aborting to avoid committing to wrong branch
[2026-02-28 13:57:45] kg-sync: start
[2026-02-28 13:57:45] ERROR: expected branch 'thehipsterciso/data' but HEAD is 'main' — aborting to avoid committing to wrong branch
[2026-02-28 14:43:03] kg-sync: start
[2026-02-28 14:43:03] ERROR: expected branch 'thehipsterciso/data' but HEAD is 'main' — aborting to avoid committing to wrong branch
[2026-02-28 15:13:03] kg-sync: start
[2026-02-28 15:13:03] ERROR: expected branch 'thehipsterciso/data' but HEAD is 'main' — aborting to avoid committing to wrong branch
[2026-02-28 15:58:45] kg-sync: start
[2026-02-28 15:58:45] ERROR: expected branch 'thehipsterciso/data' but HEAD is 'main' — aborting to avoid committing to wrong branch
[2026-02-28 16:43:46] kg-sync: start
[2026-02-28 16:43:46] ERROR: expected branch 'thehipsterciso/data' but HEAD is 'main' — aborting to avoid committing to wrong branch
[2026-02-28 17:13:46] kg-sync: start
[2026-02-28 17:13:46] ERROR: expected branch 'thehipsterciso/data' but HEAD is 'main' — aborting to avoid committing to wrong branch
[2026-02-28 17:43:46] kg-sync: start
[2026-02-28 17:43:46] ERROR: expected branch 'thehipsterciso/data' but HEAD is 'main' — aborting to avoid committing to wrong branch
[2026-02-28 18:13:46] kg-sync: start
[2026-02-28 18:13:46] ERROR: expected branch 'thehipsterciso/data' but HEAD is 'main' — aborting to avoid committing to wrong branch
[2026-03-02 09:40:41] kg-sync: start
[2026-03-02 09:40:41] ERROR: expected branch 'thehipsterciso/data' but HEAD is 'main' — aborting to avoid committing to wrong branch
[2026-03-02 10:28:48] kg-sync: start
[2026-03-02 10:28:48] ERROR: expected branch 'thehipsterciso/data' but HEAD is 'main' — aborting to avoid committing to wrong branch
[2026-03-02 10:58:58] kg-sync: start
[2026-03-02 10:58:58] ERROR: expected branch 'thehipsterciso/data' but HEAD is 'main' — aborting to avoid committing to wrong branch
[2026-03-02 11:28:58] kg-sync: start
[2026-03-02 11:28:58] ERROR: expected branch 'thehipsterciso/data' but HEAD is 'main' — aborting to avoid committing to wrong branch
[2026-03-02 11:58:58] kg-sync: start
[2026-03-02 11:58:58] ERROR: expected branch 'thehipsterciso/data' but HEAD is 'main' — aborting to avoid committing to wrong branch
[2026-03-02 12:28:58] kg-sync: start
[2026-03-02 12:28:58] ERROR: expected branch 'thehipsterciso/data' but HEAD is 'main' — aborting to avoid committing to wrong branch
[2026-03-02 12:58:58] kg-sync: start
[2026-03-02 12:58:58] ERROR: expected branch 'thehipsterciso/data' but HEAD is 'main' — aborting to avoid committing to wrong branch
[2026-03-02 13:28:58] kg-sync: start
[2026-03-02 13:28:58] ERROR: expected branch 'thehipsterciso/data' but HEAD is 'main' — aborting to avoid committing to wrong branch
[2026-03-02 13:58:58] kg-sync: start
[2026-03-02 13:58:58] ERROR: expected branch 'thehipsterciso/data' but HEAD is 'main' — aborting to avoid committing to wrong branch
[2026-03-02 14:28:58] kg-sync: start
[2026-03-02 14:28:58] ERROR: expected branch 'thehipsterciso/data' but HEAD is 'main' — aborting to avoid committing to wrong branch
[2026-03-02 14:58:58] kg-sync: start
[2026-03-02 14:58:58] ERROR: expected branch 'thehipsterciso/data' but HEAD is 'main' — aborting to avoid committing to wrong branch
[2026-03-02 15:28:58] kg-sync: start
[2026-03-02 15:28:59] ERROR: expected branch 'thehipsterciso/data' but HEAD is 'main' — aborting to avoid committing to wrong branch
[2026-03-02 15:58:59] kg-sync: start
[2026-03-02 15:58:59] ERROR: expected branch 'thehipsterciso/data' but HEAD is 'main' — aborting to avoid committing to wrong branch
[2026-03-02 17:00:57] kg-sync: start
[2026-03-02 17:00:58] ERROR: expected branch 'thehipsterciso/data' but HEAD is 'main' — aborting to avoid committing to wrong branch
[2026-03-02 17:30:58] kg-sync: start
[2026-03-02 17:30:58] ERROR: expected branch 'thehipsterciso/data' but HEAD is 'main' — aborting to avoid committing to wrong branch
[2026-03-02 18:00:58] kg-sync: start
[2026-03-02 18:00:58] ERROR: expected branch 'thehipsterciso/data' but HEAD is 'main' — aborting to avoid committing to wrong branch
[2026-03-02 18:30:58] kg-sync: start
[2026-03-02 18:30:58] ERROR: expected branch 'thehipsterciso/data' but HEAD is 'main' — aborting to avoid committing to wrong branch
[2026-03-02 19:21:19] kg-sync: start
[2026-03-02 19:21:19] ERROR: expected branch 'thehipsterciso/data' but HEAD is 'main' — aborting to avoid committing to wrong branch
[2026-03-02 20:18:24] kg-sync: start
[2026-03-02 20:18:24] ERROR: expected branch 'thehipsterciso/data' but HEAD is 'main' — aborting to avoid committing to wrong branch
[2026-03-02 20:48:24] kg-sync: start
[2026-03-02 20:48:24] ERROR: expected branch 'thehipsterciso/data' but HEAD is 'main' — aborting to avoid committing to wrong branch
[2026-03-02 21:50:15] kg-sync: start
[2026-03-02 21:50:15] ERROR: expected branch 'thehipsterciso/data' but HEAD is 'main' — aborting to avoid committing to wrong branch
[2026-03-02 22:20:15] kg-sync: start
[2026-03-02 22:20:15] ERROR: expected branch 'thehipsterciso/data' but HEAD is 'main' — aborting to avoid committing to wrong branch
[2026-03-02 22:50:15] kg-sync: start
[2026-03-02 22:50:15] ERROR: expected branch 'thehipsterciso/data' but HEAD is 'main' — aborting to avoid committing to wrong branch
[2026-03-02 23:20:15] kg-sync: start
[2026-03-02 23:20:15] ERROR: expected branch 'thehipsterciso/data' but HEAD is 'main' — aborting to avoid committing to wrong branch
[2026-03-02 23:50:15] kg-sync: start
[2026-03-02 23:50:16] ERROR: expected branch 'thehipsterciso/data' but HEAD is 'main' — aborting to avoid committing to wrong branch
[2026-03-03 01:17:04] kg-sync: start
[2026-03-03 01:17:04] ERROR: expected branch 'thehipsterciso/data' but HEAD is 'main' — aborting to avoid committing to wrong branch
[2026-03-03 04:50:46] kg-sync: start
[2026-03-03 04:50:46] ERROR: expected branch 'thehipsterciso/data' but HEAD is 'main' — aborting to avoid committing to wrong branch
[2026-03-03 05:20:46] kg-sync: start
[2026-03-03 05:20:47] ERROR: expected branch 'thehipsterciso/data' but HEAD is 'main' — aborting to avoid committing to wrong branch
[2026-03-03 05:50:47] kg-sync: start
[2026-03-03 05:50:47] ERROR: expected branch 'thehipsterciso/data' but HEAD is 'main' — aborting to avoid committing to wrong branch
[2026-03-03 07:39:48] kg-sync: start
[2026-03-03 07:39:48] ERROR: expected branch 'thehipsterciso/data' but HEAD is 'main' — aborting to avoid committing to wrong branch
[2026-03-03 08:09:48] kg-sync: start
[2026-03-03 08:09:48] ERROR: expected branch 'thehipsterciso/data' but HEAD is 'main' — aborting to avoid committing to wrong branch
[2026-03-03 08:39:48] kg-sync: start
[2026-03-03 08:39:48] ERROR: expected branch 'thehipsterciso/data' but HEAD is 'main' — aborting to avoid committing to wrong branch
[2026-03-03 09:09:48] kg-sync: start
[2026-03-03 09:09:48] ERROR: expected branch 'thehipsterciso/data' but HEAD is 'main' — aborting to avoid committing to wrong branch
[2026-03-03 09:39:48] kg-sync: start
[2026-03-03 09:39:48] ERROR: expected branch 'thehipsterciso/data' but HEAD is 'main' — aborting to avoid committing to wrong branch
[2026-03-03 10:23:00] kg-sync: start
[2026-03-03 10:23:00] ERROR: expected branch 'thehipsterciso/data' but HEAD is 'main' — aborting to avoid committing to wrong branch
[2026-03-03 10:53:00] kg-sync: start
[2026-03-03 10:53:00] ERROR: expected branch 'thehipsterciso/data' but HEAD is 'main' — aborting to avoid committing to wrong branch
[2026-03-03 11:25:32] kg-sync: start
[2026-03-03 11:25:32] ERROR: expected branch 'thehipsterciso/data' but HEAD is 'main' — aborting to avoid committing to wrong branch
[2026-03-03 11:56:49] kg-sync: start
[2026-03-03 11:56:49] ERROR: expected branch 'thehipsterciso/data' but HEAD is 'main' — aborting to avoid committing to wrong branch
[2026-03-03 12:26:49] kg-sync: start
[2026-03-03 12:26:49] ERROR: expected branch 'thehipsterciso/data' but HEAD is 'main' — aborting to avoid committing to wrong branch
[2026-03-03 12:57:58] kg-sync: start
[2026-03-03 12:57:58] ERROR: expected branch 'thehipsterciso/data' but HEAD is 'main' — aborting to avoid committing to wrong branch
[2026-03-03 13:27:58] kg-sync: start
[2026-03-03 13:27:58] ERROR: expected branch 'thehipsterciso/data' but HEAD is 'main' — aborting to avoid committing to wrong branch
[2026-03-03 13:57:58] kg-sync: start
[2026-03-03 13:57:58] ERROR: expected branch 'thehipsterciso/data' but HEAD is 'main' — aborting to avoid committing to wrong branch
[2026-03-03 14:27:58] kg-sync: start
[2026-03-03 14:27:58] ERROR: expected branch 'thehipsterciso/data' but HEAD is 'main' — aborting to avoid committing to wrong branch
[2026-03-03 14:57:58] kg-sync: start
[2026-03-03 14:57:58] ERROR: expected branch 'thehipsterciso/data' but HEAD is 'main' — aborting to avoid committing to wrong branch
[2026-03-03 16:23:52] kg-sync: start
[2026-03-03 16:23:52] ERROR: expected branch 'thehipsterciso/data' but HEAD is 'main' — aborting to avoid committing to wrong branch
[2026-03-03 16:53:52] kg-sync: start
[2026-03-03 16:53:52] ERROR: expected branch 'thehipsterciso/data' but HEAD is 'main' — aborting to avoid committing to wrong branch
[2026-03-03 17:23:52] kg-sync: start
[2026-03-03 17:23:53] ERROR: expected branch 'thehipsterciso/data' but HEAD is 'main' — aborting to avoid committing to wrong branch
[2026-03-03 17:53:53] kg-sync: start
[2026-03-03 17:53:53] ERROR: expected branch 'thehipsterciso/data' but HEAD is 'main' — aborting to avoid committing to wrong branch
[2026-03-03 18:23:53] kg-sync: start
[2026-03-03 18:23:53] ERROR: expected branch 'thehipsterciso/data' but HEAD is 'main' — aborting to avoid committing to wrong branch
[2026-03-03 19:08:15] kg-sync: start
[2026-03-03 19:08:15] ERROR: expected branch 'thehipsterciso/data' but HEAD is 'main' — aborting to avoid committing to wrong branch
[2026-03-03 19:38:15] kg-sync: start
[2026-03-03 19:38:15] ERROR: expected branch 'thehipsterciso/data' but HEAD is 'main' — aborting to avoid committing to wrong branch
[2026-03-03 20:08:15] kg-sync: start
[2026-03-03 20:08:15] ERROR: expected branch 'thehipsterciso/data' but HEAD is 'main' — aborting to avoid committing to wrong branch
[2026-03-03 20:38:15] kg-sync: start
[2026-03-03 20:38:15] ERROR: expected branch 'thehipsterciso/data' but HEAD is 'main' — aborting to avoid committing to wrong branch
[2026-03-03 21:08:15] kg-sync: start
[2026-03-03 21:08:15] ERROR: expected branch 'thehipsterciso/data' but HEAD is 'main' — aborting to avoid committing to wrong branch
[2026-03-04 00:28:44] kg-sync: start
[2026-03-04 00:28:44] ERROR: expected branch 'thehipsterciso/data' but HEAD is 'main' — aborting to avoid committing to wrong branch
[2026-03-04 00:58:44] kg-sync: start
[2026-03-04 00:58:44] ERROR: expected branch 'thehipsterciso/data' but HEAD is 'main' — aborting to avoid committing to wrong branch
[2026-03-04 01:56:29] kg-sync: start
[2026-03-04 01:56:29] ERROR: expected branch 'thehipsterciso/data' but HEAD is 'main' — aborting to avoid committing to wrong branch
[2026-03-04 02:26:29] kg-sync: start
[2026-03-04 02:26:29] ERROR: expected branch 'thehipsterciso/data' but HEAD is 'main' — aborting to avoid committing to wrong branch
[2026-03-04 02:56:29] kg-sync: start
[2026-03-04 02:56:29] ERROR: expected branch 'thehipsterciso/data' but HEAD is 'main' — aborting to avoid committing to wrong branch
[2026-03-04 03:26:29] kg-sync: start
[2026-03-04 03:26:29] ERROR: expected branch 'thehipsterciso/data' but HEAD is 'main' — aborting to avoid committing to wrong branch
[2026-03-04 03:56:29] kg-sync: start
[2026-03-04 03:56:29] ERROR: expected branch 'thehipsterciso/data' but HEAD is 'main' — aborting to avoid committing to wrong branch
[2026-03-04 04:26:30] kg-sync: start
[2026-03-04 04:26:30] ERROR: expected branch 'thehipsterciso/data' but HEAD is 'main' — aborting to avoid committing to wrong branch
[2026-03-04 04:56:30] kg-sync: start
[2026-03-04 04:56:30] ERROR: expected branch 'thehipsterciso/data' but HEAD is 'main' — aborting to avoid committing to wrong branch
[2026-03-04 05:26:30] kg-sync: start
[2026-03-04 05:26:30] ERROR: expected branch 'thehipsterciso/data' but HEAD is 'main' — aborting to avoid committing to wrong branch
[2026-03-04 05:56:30] kg-sync: start
[2026-03-04 05:56:30] ERROR: expected branch 'thehipsterciso/data' but HEAD is 'main' — aborting to avoid committing to wrong branch
[2026-03-04 06:26:30] kg-sync: start
[2026-03-04 06:26:31] ERROR: expected branch 'thehipsterciso/data' but HEAD is 'main' — aborting to avoid committing to wrong branch
[2026-03-04 06:56:31] kg-sync: start
[2026-03-04 06:56:31] ERROR: expected branch 'thehipsterciso/data' but HEAD is 'main' — aborting to avoid committing to wrong branch
[2026-03-04 07:26:31] kg-sync: start
[2026-03-04 07:26:31] ERROR: expected branch 'thehipsterciso/data' but HEAD is 'main' — aborting to avoid committing to wrong branch
[2026-03-04 07:56:31] kg-sync: start
[2026-03-04 07:56:31] ERROR: expected branch 'thehipsterciso/data' but HEAD is 'main' — aborting to avoid committing to wrong branch
[2026-03-04 08:26:31] kg-sync: start
[2026-03-04 08:26:31] ERROR: expected branch 'thehipsterciso/data' but HEAD is 'main' — aborting to avoid committing to wrong branch
[2026-03-04 08:56:31] kg-sync: start
[2026-03-04 08:56:31] ERROR: expected branch 'thehipsterciso/data' but HEAD is 'main' — aborting to avoid committing to wrong branch
[2026-03-04 09:26:31] kg-sync: start
[2026-03-04 09:26:31] ERROR: expected branch 'thehipsterciso/data' but HEAD is 'main' — aborting to avoid committing to wrong branch
[2026-03-04 09:56:31] kg-sync: start
[2026-03-04 09:56:31] ERROR: expected branch 'thehipsterciso/data' but HEAD is 'main' — aborting to avoid committing to wrong branch
[2026-03-04 10:26:31] kg-sync: start
[2026-03-04 10:26:31] ERROR: expected branch 'thehipsterciso/data' but HEAD is 'main' — aborting to avoid committing to wrong branch
[2026-03-04 10:56:31] kg-sync: start
[2026-03-04 10:56:31] ERROR: expected branch 'thehipsterciso/data' but HEAD is 'main' — aborting to avoid committing to wrong branch
[2026-03-04 11:26:31] kg-sync: start
[2026-03-04 11:26:31] ERROR: expected branch 'thehipsterciso/data' but HEAD is 'main' — aborting to avoid committing to wrong branch
[2026-03-04 11:56:31] kg-sync: start
[2026-03-04 11:56:31] ERROR: expected branch 'thehipsterciso/data' but HEAD is 'main' — aborting to avoid committing to wrong branch
[2026-03-04 12:26:31] kg-sync: start
[2026-03-04 12:26:31] ERROR: expected branch 'thehipsterciso/data' but HEAD is 'main' — aborting to avoid committing to wrong branch
[2026-03-04 12:56:31] kg-sync: start
[2026-03-04 12:56:31] ERROR: expected branch 'thehipsterciso/data' but HEAD is 'main' — aborting to avoid committing to wrong branch
[2026-03-04 13:26:32] kg-sync: start
[2026-03-04 13:26:32] ERROR: expected branch 'thehipsterciso/data' but HEAD is 'main' — aborting to avoid committing to wrong branch
[2026-03-04 13:56:32] kg-sync: start
[2026-03-04 13:56:32] ERROR: expected branch 'thehipsterciso/data' but HEAD is 'main' — aborting to avoid committing to wrong branch
[2026-03-04 14:26:32] kg-sync: start
[2026-03-04 14:26:32] ERROR: expected branch 'thehipsterciso/data' but HEAD is 'main' — aborting to avoid committing to wrong branch
[2026-03-04 14:56:32] kg-sync: start
[2026-03-04 14:56:32] ERROR: expected branch 'thehipsterciso/data' but HEAD is 'main' — aborting to avoid committing to wrong branch
[2026-03-04 15:26:32] kg-sync: start
[2026-03-04 15:26:32] ERROR: expected branch 'thehipsterciso/data' but HEAD is 'main' — aborting to avoid committing to wrong branch
[2026-03-04 15:56:32] kg-sync: start
[2026-03-04 15:56:32] ERROR: expected branch 'thehipsterciso/data' but HEAD is 'main' — aborting to avoid committing to wrong branch
